build/app/intermediates/manifest_merge_blame_file/debug/manifest-merger-blame-debug-report.txt
1<?xml version="1.0" encoding="utf-8"?>
2<manifest xmlns:android="http://schemas.android.com/apk/res/android"
3    package="co.id.hustlehouse"
4    android:versionCode="7"
5    android:versionName="1.0.9" >
6
7    <uses-sdk
8        android:minSdkVersion="21"
9        android:targetSdkVersion="33" />
10    <!--
11         The INTERNET permission is required for development. Specifically,
12         the Flutter tool needs it to communicate with the running application
13         to allow setting breakpoints, to provide hot reload, etc.
14    -->
15    <uses-permission android:name="android.permission.INTERNET" />
15-->src/main/AndroidManifest.xml:3:5-66
15-->src/main/AndroidManifest.xml:3:22-64
16
17    <queries>
17-->src/main/AndroidManifest.xml:5:5-8:15
18        <provider android:authorities="com.facebook.katana.provider.PlatformProvider" />
18-->src/main/AndroidManifest.xml:6:9-89
18-->src/main/AndroidManifest.xml:6:19-86
19        <provider android:authorities="com.facebook.orca.provider.PlatformProvider" />
19-->src/main/AndroidManifest.xml:6:9-89
19-->src/main/AndroidManifest.xml:6:19-86
20
21        <package android:name="com.facebook.katana" />
21-->[com.facebook.android:facebook-common:16.1.3] AndroidManifest.xml:18:9-55
21-->[com.facebook.android:facebook-common:16.1.3] AndroidManifest.xml:18:18-52
22    </queries> <!-- Create a unique permission for your app and use it so only your app can receive your OneSignal messages. -->
23    <permission
23-->[com.onesignal:notifications:5.0.4] AndroidManifest.xml:10:5-12:47
24        android:name="co.id.hustlehouse.permission.C2D_MESSAGE"
24-->[com.onesignal:notifications:5.0.4] AndroidManifest.xml:11:9-63
25        android:protectionLevel="signature" />
25-->[com.onesignal:notifications:5.0.4] AndroidManifest.xml:12:9-44
26
27    <uses-permission android:name="co.id.hustlehouse.permission.C2D_MESSAGE" /> <!-- Required runtime permission to display notifications on Android 13 -->
27-->[com.onesignal:notifications:5.0.4] AndroidManifest.xml:14:5-79
27-->[com.onesignal:notifications:5.0.4] AndroidManifest.xml:14:22-76
28    <uses-permission android:name="android.permission.POST_NOTIFICATIONS" /> <!-- Required, makes sure notifications are delivered on time. -->
28-->[com.onesignal:notifications:5.0.4] AndroidManifest.xml:17:5-77
28-->[com.onesignal:notifications:5.0.4] AndroidManifest.xml:17:22-74
29    <uses-permission android:name="android.permission.WAKE_LOCK" /> <!-- c2dm RECEIVE are basic requirements for push messages through Google's FCM -->
29-->[com.onesignal:notifications:5.0.4] AndroidManifest.xml:18:5-68
29-->[com.onesignal:notifications:5.0.4] AndroidManifest.xml:18:22-65
30    <uses-permission android:name="com.google.android.c2dm.permission.RECEIVE" />
30-->[com.onesignal:notifications:5.0.4] AndroidManifest.xml:19:5-82
30-->[com.onesignal:notifications:5.0.4] AndroidManifest.xml:19:22-79
31    <!--
32 Required so the device vibrates on receiving a push notification.
33         Vibration settings of the device still apply.
34    -->
35    <uses-permission android:name="android.permission.VIBRATE" />
35-->[com.onesignal:notifications:5.0.4] AndroidManifest.xml:24:5-66
35-->[com.onesignal:notifications:5.0.4] AndroidManifest.xml:24:22-63
36    <!--
37 Use to restore notifications the user hasn't interacted with.
38     They could be missed notifications if the user reboots their device if this isn't in place.
39    -->
40    <uses-permission android:name="android.permission.RECEIVE_BOOT_COMPLETED" /> <!-- START: ShortcutBadger -->
40-->[com.onesignal:notifications:5.0.4] AndroidManifest.xml:29:5-81
40-->[com.onesignal:notifications:5.0.4] AndroidManifest.xml:29:22-78
41    <!-- Samsung -->
42    <uses-permission android:name="com.sec.android.provider.badge.permission.READ" />
42-->[com.onesignal:notifications:5.0.4] AndroidManifest.xml:31:5-86
42-->[com.onesignal:notifications:5.0.4] AndroidManifest.xml:31:22-83
43    <uses-permission android:name="com.sec.android.provider.badge.permission.WRITE" /> <!-- HTC -->
43-->[com.onesignal:notifications:5.0.4] AndroidManifest.xml:32:5-87
43-->[com.onesignal:notifications:5.0.4] AndroidManifest.xml:32:22-84
44    <uses-permission android:name="com.htc.launcher.permission.READ_SETTINGS" />
44-->[com.onesignal:notifications:5.0.4] AndroidManifest.xml:33:5-81
44-->[com.onesignal:notifications:5.0.4] AndroidManifest.xml:33:22-78
45    <uses-permission android:name="com.htc.launcher.permission.UPDATE_SHORTCUT" /> <!-- Sony -->
45-->[com.onesignal:notifications:5.0.4] AndroidManifest.xml:34:5-83
45-->[com.onesignal:notifications:5.0.4] AndroidManifest.xml:34:22-80
46    <uses-permission android:name="com.sonyericsson.home.permission.BROADCAST_BADGE" />
46-->[com.onesignal:notifications:5.0.4] AndroidManifest.xml:35:5-88
46-->[com.onesignal:notifications:5.0.4] AndroidManifest.xml:35:22-85
47    <uses-permission android:name="com.sonymobile.home.permission.PROVIDER_INSERT_BADGE" /> <!-- Apex -->
47-->[com.onesignal:notifications:5.0.4] AndroidManifest.xml:36:5-92
47-->[com.onesignal:notifications:5.0.4] AndroidManifest.xml:36:22-89
48    <uses-permission android:name="com.anddoes.launcher.permission.UPDATE_COUNT" /> <!-- Solid -->
48-->[com.onesignal:notifications:5.0.4] AndroidManifest.xml:37:5-84
48-->[com.onesignal:notifications:5.0.4] AndroidManifest.xml:37:22-81
49    <uses-permission android:name="com.majeur.launcher.permission.UPDATE_BADGE" /> <!-- Huawei -->
49-->[com.onesignal:notifications:5.0.4] AndroidManifest.xml:38:5-83
49-->[com.onesignal:notifications:5.0.4] AndroidManifest.xml:38:22-80
50    <uses-permission android:name="com.huawei.android.launcher.permission.CHANGE_BADGE" />
50-->[com.onesignal:notifications:5.0.4] AndroidManifest.xml:39:5-91
50-->[com.onesignal:notifications:5.0.4] AndroidManifest.xml:39:22-88
51    <uses-permission android:name="com.huawei.android.launcher.permission.READ_SETTINGS" />
51-->[com.onesignal:notifications:5.0.4] AndroidManifest.xml:40:5-92
51-->[com.onesignal:notifications:5.0.4] AndroidManifest.xml:40:22-89
52    <uses-permission android:name="com.huawei.android.launcher.permission.WRITE_SETTINGS" /> <!-- ZUK -->
52-->[com.onesignal:notifications:5.0.4] AndroidManifest.xml:41:5-93
52-->[com.onesignal:notifications:5.0.4] AndroidManifest.xml:41:22-90
53    <uses-permission android:name="android.permission.READ_APP_BADGE" /> <!-- OPPO -->
53-->[com.onesignal:notifications:5.0.4] AndroidManifest.xml:42:5-73
53-->[com.onesignal:notifications:5.0.4] AndroidManifest.xml:42:22-70
54    <uses-permission android:name="com.oppo.launcher.permission.READ_SETTINGS" />
54-->[com.onesignal:notifications:5.0.4] AndroidManifest.xml:43:5-82
54-->[com.onesignal:notifications:5.0.4] AndroidManifest.xml:43:22-79
55    <uses-permission android:name="com.oppo.launcher.permission.WRITE_SETTINGS" /> <!-- EvMe -->
55-->[com.onesignal:notifications:5.0.4] AndroidManifest.xml:44:5-83
55-->[com.onesignal:notifications:5.0.4] AndroidManifest.xml:44:22-80
56    <uses-permission android:name="me.everything.badger.permission.BADGE_COUNT_READ" />
56-->[com.onesignal:notifications:5.0.4] AndroidManifest.xml:45:5-88
56-->[com.onesignal:notifications:5.0.4] AndroidManifest.xml:45:22-85
57    <uses-permission android:name="me.everything.badger.permission.BADGE_COUNT_WRITE" />
57-->[com.onesignal:notifications:5.0.4] AndroidManifest.xml:46:5-89
57-->[com.onesignal:notifications:5.0.4] AndroidManifest.xml:46:22-86
58    <!--
59         At a minimum the location module requires course permission, the app has the option
60         to also include ACCESS_FINE_LOCATION and/or ACCESS_BACKGROUND_LOCATION
61    -->
62    <uses-permission android:name="android.permission.ACCESS_COARSE_LOCATION" />
62-->[com.onesignal:location:5.0.4] AndroidManifest.xml:13:5-81
62-->[com.onesignal:location:5.0.4] AndroidManifest.xml:13:22-78
63    <uses-permission android:name="android.permission.ACCESS_NETWORK_STATE" />
63-->[com.onesignal:core:5.0.4] AndroidManifest.xml:10:5-79
63-->[com.onesignal:core:5.0.4] AndroidManifest.xml:10:22-76
64    <uses-permission android:name="com.google.android.gms.permission.AD_ID" />
64-->[com.facebook.android:facebook-core:16.1.3] AndroidManifest.xml:16:5-79
64-->[com.facebook.android:facebook-core:16.1.3] AndroidManifest.xml:16:22-76
65    <uses-permission android:name="android.permission.FOREGROUND_SERVICE" />
65-->[androidx.work:work-runtime:2.7.1] AndroidManifest.xml:28:5-77
65-->[androidx.work:work-runtime:2.7.1] AndroidManifest.xml:28:22-74
66
67    <permission
67-->[androidx.core:core:1.10.1] AndroidManifest.xml:22:5-24:47
68        android:name="co.id.hustlehouse.DYNAMIC_RECEIVER_NOT_EXPORTED_PERMISSION"
68-->[androidx.core:core:1.10.1] AndroidManifest.xml:23:9-81
69        android:protectionLevel="signature" />
69-->[androidx.core:core:1.10.1] AndroidManifest.xml:24:9-44
70
71    <uses-permission android:name="co.id.hustlehouse.DYNAMIC_RECEIVER_NOT_EXPORTED_PERMISSION" />
71-->[androidx.core:core:1.10.1] AndroidManifest.xml:26:5-97
71-->[androidx.core:core:1.10.1] AndroidManifest.xml:26:22-94
72    <uses-permission android:name="com.google.android.finsky.permission.BIND_GET_INSTALL_REFERRER_SERVICE" />
72-->[com.android.installreferrer:installreferrer:1.0] AndroidManifest.xml:9:5-110
72-->[com.android.installreferrer:installreferrer:1.0] AndroidManifest.xml:9:22-107
73
74    <application
75        android:name="android.app.Application"
76        android:appComponentFactory="androidx.core.app.CoreComponentFactory"
76-->[androidx.core:core:1.10.1] AndroidManifest.xml:28:18-86
77        android:debuggable="true"
78        android:icon="@mipmap/ic_launcher"
79        android:label="Hustle"
80        android:supportsRtl="true" >
80-->[com.facebook.android:facebook-login:16.1.3] AndroidManifest.xml:16:18-44
81        <meta-data
82            android:name="com.facebook.sdk.ApplicationId"
83            android:value="@string/facebook_app_id" />
84        <meta-data
85            android:name="com.facebook.sdk.ClientToken"
86            android:value="@string/facebook_client_token" />
87
88        <activity
89            android:name="co.id.hustlehouse.hustle_house_flutter.MainActivity"
90            android:configChanges="orientation|keyboardHidden|keyboard|screenSize|smallestScreenSize|locale|layoutDirection|fontScale|screenLayout|density|uiMode"
91            android:exported="true"
92            android:hardwareAccelerated="true"
93            android:launchMode="singleTop"
94            android:theme="@style/LaunchTheme"
95            android:windowSoftInputMode="adjustResize" >
96
97            <!--
98                 Specifies an Android theme to apply to this Activity as soon as
99                 the Android process has started. This theme is visible to the user
100                 while the Flutter UI initializes. After that, this theme continues
101                 to determine the Window background behind the Flutter UI.
102            -->
103            <meta-data
104                android:name="io.flutter.embedding.android.NormalTheme"
105                android:resource="@style/NormalTheme" />
106
107            <intent-filter>
108                <action android:name="android.intent.action.MAIN" />
109
110                <category android:name="android.intent.category.LAUNCHER" />
111            </intent-filter>
112        </activity>
113        <!--
114             Don't delete the meta-data below.
115             This is used by the Flutter tool to generate GeneratedPluginRegistrant.java
116        -->
117        <meta-data
118            android:name="flutterEmbedding"
119            android:value="2" />
120        <meta-data
121            android:name="com.onesignal.messaging.default_notification_icon"
122            android:resource="@drawable/ic_stat_onesignal_default" />
123        <meta-data
124            android:name="com.onesignal.NotificationAccentColor.DEFAULT"
125            android:value="000000" />
126
127        <provider
127-->[:image_picker_android] AndroidManifest.xml:10:9-18:20
128            android:name="io.flutter.plugins.imagepicker.ImagePickerFileProvider"
128-->[:image_picker_android] AndroidManifest.xml:11:13-82
129            android:authorities="co.id.hustlehouse.flutter.image_provider"
129-->[:image_picker_android] AndroidManifest.xml:12:13-74
130            android:exported="false"
130-->[:image_picker_android] AndroidManifest.xml:13:13-37
131            android:grantUriPermissions="true" >
131-->[:image_picker_android] AndroidManifest.xml:14:13-47
132            <meta-data
132-->[:image_picker_android] AndroidManifest.xml:15:13-17:75
133                android:name="android.support.FILE_PROVIDER_PATHS"
133-->[:image_picker_android] AndroidManifest.xml:16:17-67
134                android:resource="@xml/flutter_image_picker_file_paths" />
134-->[:image_picker_android] AndroidManifest.xml:17:17-72
135        </provider>
136
137        <receiver
137-->[com.onesignal:notifications:5.0.4] AndroidManifest.xml:49:9-60:20
138            android:name="com.onesignal.notifications.receivers.FCMBroadcastReceiver"
138-->[com.onesignal:notifications:5.0.4] AndroidManifest.xml:50:13-86
139            android:exported="true"
139-->[com.onesignal:notifications:5.0.4] AndroidManifest.xml:51:13-36
140            android:permission="com.google.android.c2dm.permission.SEND" >
140-->[com.onesignal:notifications:5.0.4] AndroidManifest.xml:52:13-73
141
142            <!-- High priority so OneSignal payloads can be filtered from other FCM receivers -->
143            <intent-filter android:priority="999" >
143-->[com.onesignal:notifications:5.0.4] AndroidManifest.xml:55:13-59:29
143-->[com.onesignal:notifications:5.0.4] AndroidManifest.xml:55:28-50
144                <action android:name="com.google.android.c2dm.intent.RECEIVE" />
144-->[com.onesignal:notifications:5.0.4] AndroidManifest.xml:56:17-81
144-->[com.onesignal:notifications:5.0.4] AndroidManifest.xml:56:25-78
145
146                <category android:name="co.id.hustlehouse" />
146-->[com.onesignal:notifications:5.0.4] AndroidManifest.xml:58:17-61
146-->[com.onesignal:notifications:5.0.4] AndroidManifest.xml:58:27-58
147            </intent-filter>
148        </receiver>
149
150        <service
150-->[com.onesignal:notifications:5.0.4] AndroidManifest.xml:62:9-68:19
151            android:name="com.onesignal.notifications.services.HmsMessageServiceOneSignal"
151-->[com.onesignal:notifications:5.0.4] AndroidManifest.xml:63:13-91
152            android:exported="false" >
152-->[com.onesignal:notifications:5.0.4] AndroidManifest.xml:64:13-37
153            <intent-filter>
153-->[com.onesignal:notifications:5.0.4] AndroidManifest.xml:65:13-67:29
154                <action android:name="com.huawei.push.action.MESSAGING_EVENT" />
154-->[com.onesignal:notifications:5.0.4] AndroidManifest.xml:66:17-81
154-->[com.onesignal:notifications:5.0.4] AndroidManifest.xml:66:25-78
155            </intent-filter>
156        </service>
157
158        <activity
158-->[com.onesignal:notifications:5.0.4] AndroidManifest.xml:70:9-78:20
159            android:name="com.onesignal.notifications.activities.NotificationOpenedActivityHMS"
159-->[com.onesignal:notifications:5.0.4] AndroidManifest.xml:71:13-96
160            android:exported="true"
160-->[com.onesignal:notifications:5.0.4] AndroidManifest.xml:72:13-36
161            android:noHistory="true"
161-->[com.onesignal:notifications:5.0.4] AndroidManifest.xml:73:13-37
162            android:theme="@android:style/Theme.Translucent.NoTitleBar" >
162-->[com.onesignal:notifications:5.0.4] AndroidManifest.xml:74:13-72
163            <intent-filter>
163-->[com.onesignal:notifications:5.0.4] AndroidManifest.xml:75:13-77:29
164                <action android:name="android.intent.action.VIEW" />
164-->[com.onesignal:notifications:5.0.4] AndroidManifest.xml:76:17-69
164-->[com.onesignal:notifications:5.0.4] AndroidManifest.xml:76:25-66
165            </intent-filter>
166        </activity>
167
168        <receiver
168-->[com.onesignal:notifications:5.0.4] AndroidManifest.xml:80:9-82:39
169            android:name="com.onesignal.notifications.receivers.NotificationDismissReceiver"
169-->[com.onesignal:notifications:5.0.4] AndroidManifest.xml:81:13-93
170            android:exported="true" />
170-->[com.onesignal:notifications:5.0.4] AndroidManifest.xml:82:13-36
171        <receiver
171-->[com.onesignal:notifications:5.0.4] AndroidManifest.xml:83:9-90:20
172            android:name="com.onesignal.notifications.receivers.BootUpReceiver"
172-->[com.onesignal:notifications:5.0.4] AndroidManifest.xml:84:13-80
173            android:exported="true" >
173-->[com.onesignal:notifications:5.0.4] AndroidManifest.xml:85:13-36
174            <intent-filter>
174-->[com.onesignal:notifications:5.0.4] AndroidManifest.xml:86:13-89:29
175                <action android:name="android.intent.action.BOOT_COMPLETED" />
175-->[com.onesignal:notifications:5.0.4] AndroidManifest.xml:87:17-79
175-->[com.onesignal:notifications:5.0.4] AndroidManifest.xml:87:25-76
176                <action android:name="android.intent.action.QUICKBOOT_POWERON" />
176-->[com.onesignal:notifications:5.0.4] AndroidManifest.xml:88:17-82
176-->[com.onesignal:notifications:5.0.4] AndroidManifest.xml:88:25-79
177            </intent-filter>
178        </receiver>
179        <receiver
179-->[com.onesignal:notifications:5.0.4] AndroidManifest.xml:91:9-97:20
180            android:name="com.onesignal.notifications.receivers.UpgradeReceiver"
180-->[com.onesignal:notifications:5.0.4] AndroidManifest.xml:92:13-81
181            android:exported="true" >
181-->[com.onesignal:notifications:5.0.4] AndroidManifest.xml:93:13-36
182            <intent-filter>
182-->[com.onesignal:notifications:5.0.4] AndroidManifest.xml:94:13-96:29
183                <action android:name="android.intent.action.MY_PACKAGE_REPLACED" />
183-->[com.onesignal:notifications:5.0.4] AndroidManifest.xml:95:17-84
183-->[com.onesignal:notifications:5.0.4] AndroidManifest.xml:95:25-81
184            </intent-filter>
185        </receiver>
186
187        <activity
187-->[com.onesignal:notifications:5.0.4] AndroidManifest.xml:99:9-105:75
188            android:name="com.onesignal.notifications.activities.NotificationOpenedActivity"
188-->[com.onesignal:notifications:5.0.4] AndroidManifest.xml:100:13-93
189            android:excludeFromRecents="true"
189-->[com.onesignal:notifications:5.0.4] AndroidManifest.xml:101:13-46
190            android:exported="true"
190-->[com.onesignal:notifications:5.0.4] AndroidManifest.xml:102:13-36
191            android:noHistory="true"
191-->[com.onesignal:notifications:5.0.4] AndroidManifest.xml:103:13-37
192            android:taskAffinity=""
192-->[com.onesignal:notifications:5.0.4] AndroidManifest.xml:104:13-36
193            android:theme="@android:style/Theme.Translucent.NoTitleBar" />
193-->[com.onesignal:notifications:5.0.4] AndroidManifest.xml:105:13-72
194        <activity
194-->[com.onesignal:notifications:5.0.4] AndroidManifest.xml:106:9-111:75
195            android:name="com.onesignal.notifications.activities.NotificationOpenedActivityAndroid22AndOlder"
195-->[com.onesignal:notifications:5.0.4] AndroidManifest.xml:107:13-110
196            android:excludeFromRecents="true"
196-->[com.onesignal:notifications:5.0.4] AndroidManifest.xml:108:13-46
197            android:exported="true"
197-->[com.onesignal:notifications:5.0.4] AndroidManifest.xml:109:13-36
198            android:noHistory="true"
198-->[com.onesignal:notifications:5.0.4] AndroidManifest.xml:110:13-37
199            android:theme="@android:style/Theme.Translucent.NoTitleBar" />
199-->[com.onesignal:notifications:5.0.4] AndroidManifest.xml:111:13-72
200
201        <service
201-->[com.onesignal:core:5.0.4] AndroidManifest.xml:13:9-16:43
202            android:name="com.onesignal.core.services.SyncService"
202-->[com.onesignal:core:5.0.4] AndroidManifest.xml:14:13-67
203            android:exported="false"
203-->[com.onesignal:core:5.0.4] AndroidManifest.xml:15:13-37
204            android:stopWithTask="true" />
204-->[com.onesignal:core:5.0.4] AndroidManifest.xml:16:13-40
205        <service
205-->[com.onesignal:core:5.0.4] AndroidManifest.xml:17:9-20:72
206            android:name="com.onesignal.core.services.SyncJobService"
206-->[com.onesignal:core:5.0.4] AndroidManifest.xml:18:13-70
207            android:exported="false"
207-->[com.onesignal:core:5.0.4] AndroidManifest.xml:19:13-37
208            android:permission="android.permission.BIND_JOB_SERVICE" />
208-->[com.onesignal:core:5.0.4] AndroidManifest.xml:20:13-69
209
210        <activity
210-->[com.onesignal:core:5.0.4] AndroidManifest.xml:22:9-25:75
211            android:name="com.onesignal.core.activities.PermissionsActivity"
211-->[com.onesignal:core:5.0.4] AndroidManifest.xml:23:13-77
212            android:exported="false"
212-->[com.onesignal:core:5.0.4] AndroidManifest.xml:24:13-37
213            android:theme="@android:style/Theme.Translucent.NoTitleBar" />
213-->[com.onesignal:core:5.0.4] AndroidManifest.xml:25:13-72
214        <activity
214-->[com.facebook.android:facebook-common:16.1.3] AndroidManifest.xml:22:9-25:66
215            android:name="com.facebook.FacebookActivity"
215-->[com.facebook.android:facebook-common:16.1.3] AndroidManifest.xml:23:13-57
216            android:configChanges="keyboard|keyboardHidden|screenLayout|screenSize|orientation"
216-->[com.facebook.android:facebook-common:16.1.3] AndroidManifest.xml:24:13-96
217            android:theme="@style/com_facebook_activity_theme" />
217-->[com.facebook.android:facebook-common:16.1.3] AndroidManifest.xml:25:13-63
218        <activity android:name="com.facebook.CustomTabMainActivity" />
218-->[com.facebook.android:facebook-common:16.1.3] AndroidManifest.xml:26:9-71
218-->[com.facebook.android:facebook-common:16.1.3] AndroidManifest.xml:26:19-68
219        <activity
219-->[com.facebook.android:facebook-common:16.1.3] AndroidManifest.xml:27:9-41:20
220            android:name="com.facebook.CustomTabActivity"
220-->[com.facebook.android:facebook-common:16.1.3] AndroidManifest.xml:28:13-58
221            android:exported="true" >
221-->[com.facebook.android:facebook-common:16.1.3] AndroidManifest.xml:29:13-36
222            <intent-filter>
222-->[com.facebook.android:facebook-common:16.1.3] AndroidManifest.xml:31:13-40:29
223                <action android:name="android.intent.action.VIEW" />
223-->[com.onesignal:notifications:5.0.4] AndroidManifest.xml:76:17-69
223-->[com.onesignal:notifications:5.0.4] AndroidManifest.xml:76:25-66
224
225                <category android:name="android.intent.category.DEFAULT" />
225-->[com.facebook.android:facebook-common:16.1.3] AndroidManifest.xml:34:17-76
225-->[com.facebook.android:facebook-common:16.1.3] AndroidManifest.xml:34:27-73
226                <category android:name="android.intent.category.BROWSABLE" />
226-->[com.facebook.android:facebook-common:16.1.3] AndroidManifest.xml:35:17-78
226-->[com.facebook.android:facebook-common:16.1.3] AndroidManifest.xml:35:27-75
227
228                <data
228-->[com.facebook.android:facebook-common:16.1.3] AndroidManifest.xml:37:17-39:50
229                    android:host="cct.co.id.hustlehouse"
229-->[com.facebook.android:facebook-common:16.1.3] AndroidManifest.xml:38:21-56
230                    android:scheme="fbconnect" />
230-->[com.facebook.android:facebook-common:16.1.3] AndroidManifest.xml:39:21-47
231            </intent-filter>
232        </activity>
233        <activity
233-->[com.google.android.gms:play-services-auth:20.7.0] AndroidManifest.xml:23:9-27:75
234            android:name="com.google.android.gms.auth.api.signin.internal.SignInHubActivity"
234-->[com.google.android.gms:play-services-auth:20.7.0] AndroidManifest.xml:24:13-93
235            android:excludeFromRecents="true"
235-->[com.google.android.gms:play-services-auth:20.7.0] AndroidManifest.xml:25:13-46
236            android:exported="false"
236-->[com.google.android.gms:play-services-auth:20.7.0] AndroidManifest.xml:26:13-37
237            android:theme="@android:style/Theme.Translucent.NoTitleBar" />
237-->[com.google.android.gms:play-services-auth:20.7.0] AndroidManifest.xml:27:13-72
238        <!--
239            Service handling Google Sign-In user revocation. For apps that do not integrate with
240            Google Sign-In, this service will never be started.
241        -->
242        <service
242-->[com.google.android.gms:play-services-auth:20.7.0] AndroidManifest.xml:33:9-37:51
243            android:name="com.google.android.gms.auth.api.signin.RevocationBoundService"
243-->[com.google.android.gms:play-services-auth:20.7.0] AndroidManifest.xml:34:13-89
244            android:exported="true"
244-->[com.google.android.gms:play-services-auth:20.7.0] AndroidManifest.xml:35:13-36
245            android:permission="com.google.android.gms.auth.api.signin.permission.REVOCATION_NOTIFICATION"
245-->[com.google.android.gms:play-services-auth:20.7.0] AndroidManifest.xml:36:13-107
246            android:visibleToInstantApps="true" />
246-->[com.google.android.gms:play-services-auth:20.7.0] AndroidManifest.xml:37:13-48
247
248        <activity
248-->[com.google.android.gms:play-services-base:18.0.1] AndroidManifest.xml:20:9-22:45
249            android:name="com.google.android.gms.common.api.GoogleApiActivity"
249-->[com.google.android.gms:play-services-base:18.0.1] AndroidManifest.xml:20:19-85
250            android:exported="false"
250-->[com.google.android.gms:play-services-base:18.0.1] AndroidManifest.xml:22:19-43
251            android:theme="@android:style/Theme.Translucent.NoTitleBar" />
251-->[com.google.android.gms:play-services-base:18.0.1] AndroidManifest.xml:21:19-78
252
253        <receiver
253-->[com.google.firebase:firebase-messaging:23.0.0] AndroidManifest.xml:28:9-35:20
254            android:name="com.google.firebase.iid.FirebaseInstanceIdReceiver"
254-->[com.google.firebase:firebase-messaging:23.0.0] AndroidManifest.xml:29:13-78
255            android:exported="true"
255-->[com.google.firebase:firebase-messaging:23.0.0] AndroidManifest.xml:30:13-36
256            android:permission="com.google.android.c2dm.permission.SEND" >
256-->[com.google.firebase:firebase-messaging:23.0.0] AndroidManifest.xml:31:13-73
257            <intent-filter>
257-->[com.google.firebase:firebase-messaging:23.0.0] AndroidManifest.xml:32:13-34:29
258                <action android:name="com.google.android.c2dm.intent.RECEIVE" />
258-->[com.onesignal:notifications:5.0.4] AndroidManifest.xml:56:17-81
258-->[com.onesignal:notifications:5.0.4] AndroidManifest.xml:56:25-78
259            </intent-filter>
260        </receiver>
261        <!--
262             FirebaseMessagingService performs security checks at runtime,
263             but set to not exported to explicitly avoid allowing another app to call it.
264        -->
265        <service
265-->[com.google.firebase:firebase-messaging:23.0.0] AndroidManifest.xml:41:9-48:19
266            android:name="com.google.firebase.messaging.FirebaseMessagingService"
266-->[com.google.firebase:firebase-messaging:23.0.0] AndroidManifest.xml:42:13-82
267            android:directBootAware="true"
267-->[com.google.firebase:firebase-messaging:23.0.0] AndroidManifest.xml:43:13-43
268            android:exported="false" >
268-->[com.google.firebase:firebase-messaging:23.0.0] AndroidManifest.xml:44:13-37
269            <intent-filter android:priority="-500" >
269-->[com.google.firebase:firebase-messaging:23.0.0] AndroidManifest.xml:45:13-47:29
269-->[com.google.firebase:firebase-messaging:23.0.0] AndroidManifest.xml:45:28-51
270                <action android:name="com.google.firebase.MESSAGING_EVENT" />
270-->[com.google.firebase:firebase-messaging:23.0.0] AndroidManifest.xml:46:17-78
270-->[com.google.firebase:firebase-messaging:23.0.0] AndroidManifest.xml:46:25-75
271            </intent-filter>
272        </service>
273        <service
273-->[com.google.firebase:firebase-messaging:23.0.0] AndroidManifest.xml:49:9-55:19
274            android:name="com.google.firebase.components.ComponentDiscoveryService"
274-->[com.google.firebase:firebase-messaging:23.0.0] AndroidManifest.xml:50:13-84
275            android:directBootAware="true"
275-->[com.google.firebase:firebase-common:20.0.0] AndroidManifest.xml:35:13-43
276            android:exported="false" >
276-->[com.google.firebase:firebase-messaging:23.0.0] AndroidManifest.xml:51:13-37
277            <meta-data
277-->[com.google.firebase:firebase-messaging:23.0.0] AndroidManifest.xml:52:13-54:85
278                android:name="com.google.firebase.components:com.google.firebase.messaging.FirebaseMessagingRegistrar"
278-->[com.google.firebase:firebase-messaging:23.0.0] AndroidManifest.xml:53:17-119
279                android:value="com.google.firebase.components.ComponentRegistrar" />
279-->[com.google.firebase:firebase-messaging:23.0.0] AndroidManifest.xml:54:17-82
280            <meta-data
280-->[com.google.firebase:firebase-datatransport:18.0.0] AndroidManifest.xml:28:13-30:85
281                android:name="com.google.firebase.components:com.google.firebase.datatransport.TransportRegistrar"
281-->[com.google.firebase:firebase-datatransport:18.0.0] AndroidManifest.xml:29:17-115
282                android:value="com.google.firebase.components.ComponentRegistrar" />
282-->[com.google.firebase:firebase-datatransport:18.0.0] AndroidManifest.xml:30:17-82
283            <meta-data
283-->[com.google.firebase:firebase-installations:17.0.0] AndroidManifest.xml:18:13-20:85
284                android:name="com.google.firebase.components:com.google.firebase.installations.FirebaseInstallationsRegistrar"
284-->[com.google.firebase:firebase-installations:17.0.0] AndroidManifest.xml:19:17-127
285                android:value="com.google.firebase.components.ComponentRegistrar" />